19-05-25 10:32:26:Error at file[/Users/yuliang/easyswoole/vendor/easyswoole/easyswoole/src/Core/Swoole/ServerManager.php] line[115] message:[Uncaught Swoole\Exception: failed to listen server port[0.0.0.0:9501]. Error: Address already in use[48]. in /Users/yuliang/easyswoole/vendor/easyswoole/easyswoole/src/Core/Swoole/ServerManager.php:115
Stack trace:
#0 /Users/yuliang/easyswoole/vendor/easyswoole/easyswoole/src/Core/Swoole/ServerManager.php(115): Swoole\Server->__construct('0.0.0.0', 9501, 2, 1)
#1 /Users/yuliang/easyswoole/vendor/easyswoole/easyswoole/src/Core/Swoole/ServerManager.php(61): EasySwoole\Core\Swoole\ServerManager->createMainServer()
#2 /Users/yuliang/easyswoole/vendor/easyswoole/easyswoole/src/Core/Core.php(45): EasySwoole\Core\Swoole\ServerManager->start()
#3 /Users/yuliang/easyswoole/vendor/easyswoole/easyswoole/bin/easyswoole(326): EasySwoole\Core\Core->run()
#4 /Users/yuliang/easyswoole/vendor/easyswoole/easyswoole/bin/easyswoole(25): serverStart(Array)
#5 /Users/yuliang/easyswoole/vendor/easyswoole/easyswoole/bin/easyswoole(462): commandHandler()
#6 /Users/yuliang/easyswoole/easyswoole(2): require('/Users/yuliang/...')
#7 {ma]
19-05-26 23:23:36:Error at file[/Users/yuliang/EasySwoole/App/Lib/Redis/Redis.php] line[37] message:[Uncaught Exception: Invalid argument in /Users/yuliang/EasySwoole/App/Lib/Redis/Redis.php:37
Stack trace:
#0 /Users/yuliang/EasySwoole/vendor/easyswoole/easyswoole/src/Core/AbstractInterface/Singleton.php(18): App\Lib\Redis\Redis->__construct()
#1 /Users/yuliang/EasySwoole/EasySwooleEvent.php(54): App\Lib\Redis\Redis::getInstance()
#2 /Users/yuliang/EasySwoole/vendor/easyswoole/easyswoole/src/Core/Swoole/ServerManager.php(130): EasySwoole\EasySwooleEvent::mainServerCreate(Object(EasySwoole\Core\Swoole\ServerManager), Object(EasySwoole\Core\Swoole\EventRegister))
#3 /Users/yuliang/EasySwoole/vendor/easyswoole/easyswoole/src/Core/Swoole/ServerManager.php(61): EasySwoole\Core\Swoole\ServerManager->createMainServer()
#4 /Users/yuliang/EasySwoole/vendor/easyswoole/easyswoole/src/Core/Core.php(45): EasySwoole\Core\Swoole\ServerManager->start()
#5 /Users/yuliang/EasySwoole/vendor/easyswoole/easyswoole/bin/easyswoole(326): EasySwoole\Core\Core->run()
#6 /Users/yuliang/EasySwoole/vendor/easyswoole/easyswoole/bin/easys]
19-05-26 23:24:28:Error at file[/Users/yuliang/EasySwoole/App/Lib/Redis/Redis.php] line[37] message:[Uncaught Exception: Invalid argument in /Users/yuliang/EasySwoole/App/Lib/Redis/Redis.php:37
Stack trace:
#0 /Users/yuliang/EasySwoole/vendor/easyswoole/easyswoole/src/Core/AbstractInterface/Singleton.php(18): App\Lib\Redis\Redis->__construct()
#1 /Users/yuliang/EasySwoole/EasySwooleEvent.php(54): App\Lib\Redis\Redis::getInstance()
#2 /Users/yuliang/EasySwoole/vendor/easyswoole/easyswoole/src/Core/Swoole/ServerManager.php(130): EasySwoole\EasySwooleEvent::mainServerCreate(Object(EasySwoole\Core\Swoole\ServerManager), Object(EasySwoole\Core\Swoole\EventRegister))
#3 /Users/yuliang/EasySwoole/vendor/easyswoole/easyswoole/src/Core/Swoole/ServerManager.php(61): EasySwoole\Core\Swoole\ServerManager->createMainServer()
#4 /Users/yuliang/EasySwoole/vendor/easyswoole/easyswoole/src/Core/Core.php(45): EasySwoole\Core\Swoole\ServerManager->start()
#5 /Users/yuliang/EasySwoole/vendor/easyswoole/easyswoole/bin/easyswoole(326): EasySwoole\Core\Core->run()
#6 /Users/yuliang/EasySwoole/vendor/easyswoole/easyswoole/bin/easys]
19-05-26 23:24:33:Error at file[/Users/yuliang/EasySwoole/App/Lib/Redis/Redis.php] line[37] message:[Uncaught Exception: Invalid argument in /Users/yuliang/EasySwoole/App/Lib/Redis/Redis.php:37
Stack trace:
#0 /Users/yuliang/EasySwoole/vendor/easyswoole/easyswoole/src/Core/AbstractInterface/Singleton.php(18): App\Lib\Redis\Redis->__construct()
#1 /Users/yuliang/EasySwoole/EasySwooleEvent.php(54): App\Lib\Redis\Redis::getInstance()
#2 /Users/yuliang/EasySwoole/vendor/easyswoole/easyswoole/src/Core/Swoole/ServerManager.php(130): EasySwoole\EasySwooleEvent::mainServerCreate(Object(EasySwoole\Core\Swoole\ServerManager), Object(EasySwoole\Core\Swoole\EventRegister))
#3 /Users/yuliang/EasySwoole/vendor/easyswoole/easyswoole/src/Core/Swoole/ServerManager.php(61): EasySwoole\Core\Swoole\ServerManager->createMainServer()
#4 /Users/yuliang/EasySwoole/vendor/easyswoole/easyswoole/src/Core/Core.php(45): EasySwoole\Core\Swoole\ServerManager->start()
#5 /Users/yuliang/EasySwoole/vendor/easyswoole/easyswoole/bin/easyswoole(326): EasySwoole\Core\Core->run()
#6 /Users/yuliang/EasySwoole/vendor/easyswoole/easyswoole/bin/easys]
19-05-26 23:24:45:Error at file[/Users/yuliang/EasySwoole/App/Lib/Redis/Redis.php] line[37] message:[Uncaught Exception: Invalid argument in /Users/yuliang/EasySwoole/App/Lib/Redis/Redis.php:37
Stack trace:
#0 /Users/yuliang/EasySwoole/vendor/easyswoole/easyswoole/src/Core/AbstractInterface/Singleton.php(18): App\Lib\Redis\Redis->__construct()
#1 /Users/yuliang/EasySwoole/EasySwooleEvent.php(54): App\Lib\Redis\Redis::getInstance()
#2 /Users/yuliang/EasySwoole/vendor/easyswoole/easyswoole/src/Core/Swoole/ServerManager.php(130): EasySwoole\EasySwooleEvent::mainServerCreate(Object(EasySwoole\Core\Swoole\ServerManager), Object(EasySwoole\Core\Swoole\EventRegister))
#3 /Users/yuliang/EasySwoole/vendor/easyswoole/easyswoole/src/Core/Swoole/ServerManager.php(61): EasySwoole\Core\Swoole\ServerManager->createMainServer()
#4 /Users/yuliang/EasySwoole/vendor/easyswoole/easyswoole/src/Core/Core.php(45): EasySwoole\Core\Swoole\ServerManager->start()
#5 /Users/yuliang/EasySwoole/vendor/easyswoole/easyswoole/bin/easyswoole(326): EasySwoole\Core\Core->run()
#6 /Users/yuliang/EasySwoole/vendor/easyswoole/easyswoole/bin/easys]
19-05-26 23:25:36:Error at file[/Users/yuliang/EasySwoole/App/Lib/Redis/Redis.php] line[35] message:[Undefined index: host]
19-05-26 23:25:36:Error at file[/Users/yuliang/EasySwoole/App/Lib/Redis/Redis.php] line[35] message:[Undefined index: port]
19-05-26 23:25:36:Error at file[/Users/yuliang/EasySwoole/App/Lib/Redis/Redis.php] line[35] message:[Undefined index: time_out]
19-05-26 23:25:36:Error at file[/Users/yuliang/EasySwoole/App/Lib/Redis/Redis.php] line[37] message:[Uncaught Exception: Invalid argument in /Users/yuliang/EasySwoole/App/Lib/Redis/Redis.php:37
Stack trace:
#0 /Users/yuliang/EasySwoole/vendor/easyswoole/easyswoole/src/Core/AbstractInterface/Singleton.php(18): App\Lib\Redis\Redis->__construct()
#1 /Users/yuliang/EasySwoole/EasySwooleEvent.php(54): App\Lib\Redis\Redis::getInstance()
#2 /Users/yuliang/EasySwoole/vendor/easyswoole/easyswoole/src/Core/Swoole/ServerManager.php(130): EasySwoole\EasySwooleEvent::mainServerCreate(Object(EasySwoole\Core\Swoole\ServerManager), Object(EasySwoole\Core\Swoole\EventRegister))
#3 /Users/yuliang/EasySwoole/vendor/easyswoole/easyswoole/src/Core/Swoole/ServerManager.php(61): EasySwoole\Core\Swoole\ServerManager->createMainServer()
#4 /Users/yuliang/EasySwoole/vendor/easyswoole/easyswoole/src/Core/Core.php(45): EasySwoole\Core\Swoole\ServerManager->start()
#5 /Users/yuliang/EasySwoole/vendor/easyswoole/easyswoole/bin/easyswoole(326): EasySwoole\Core\Core->run()
#6 /Users/yuliang/EasySwoole/vendor/easyswoole/easyswoole/bin/easys]
19-05-26 23:26:49:Error at file[/Users/yuliang/EasySwoole/App/Lib/Redis/Redis.php] line[35] message:[Undefined index: host]
19-05-26 23:26:49:Error at file[/Users/yuliang/EasySwoole/App/Lib/Redis/Redis.php] line[35] message:[Undefined index: port]
19-05-26 23:26:49:Error at file[/Users/yuliang/EasySwoole/App/Lib/Redis/Redis.php] line[35] message:[Undefined index: time_out]
19-05-26 23:26:49:Error at file[/Users/yuliang/EasySwoole/App/Lib/Redis/Redis.php] line[37] message:[Uncaught Exception: Invalid argument in /Users/yuliang/EasySwoole/App/Lib/Redis/Redis.php:37
Stack trace:
#0 /Users/yuliang/EasySwoole/vendor/easyswoole/easyswoole/src/Core/AbstractInterface/Singleton.php(18): App\Lib\Redis\Redis->__construct()
#1 /Users/yuliang/EasySwoole/EasySwooleEvent.php(54): App\Lib\Redis\Redis::getInstance()
#2 /Users/yuliang/EasySwoole/vendor/easyswoole/easyswoole/src/Core/Swoole/ServerManager.php(130): EasySwoole\EasySwooleEvent::mainServerCreate(Object(EasySwoole\Core\Swoole\ServerManager), Object(EasySwoole\Core\Swoole\EventRegister))
#3 /Users/yuliang/EasySwoole/vendor/easyswoole/easyswoole/src/Core/Swoole/ServerManager.php(61): EasySwoole\Core\Swoole\ServerManager->createMainServer()
#4 /Users/yuliang/EasySwoole/vendor/easyswoole/easyswoole/src/Core/Core.php(45): EasySwoole\Core\Swoole\ServerManager->start()
#5 /Users/yuliang/EasySwoole/vendor/easyswoole/easyswoole/bin/easyswoole(326): EasySwoole\Core\Core->run()
#6 /Users/yuliang/EasySwoole/vendor/easyswoole/easyswoole/bin/easys]
19-05-26 23:31:14:Error at file[/Users/yuliang/EasySwoole/App/Lib/Redis/Redis.php] line[37] message:[Uncaught Exception: Invalid argument in /Users/yuliang/EasySwoole/App/Lib/Redis/Redis.php:37
Stack trace:
#0 /Users/yuliang/EasySwoole/vendor/easyswoole/easyswoole/src/Core/AbstractInterface/Singleton.php(18): App\Lib\Redis\Redis->__construct()
#1 /Users/yuliang/EasySwoole/EasySwooleEvent.php(66): App\Lib\Redis\Redis::getInstance()
#2 /Users/yuliang/EasySwoole/vendor/easyswoole/easyswoole/src/Core/Swoole/ServerManager.php(130): EasySwoole\EasySwooleEvent::mainServerCreate(Object(EasySwoole\Core\Swoole\ServerManager), Object(EasySwoole\Core\Swoole\EventRegister))
#3 /Users/yuliang/EasySwoole/vendor/easyswoole/easyswoole/src/Core/Swoole/ServerManager.php(61): EasySwoole\Core\Swoole\ServerManager->createMainServer()
#4 /Users/yuliang/EasySwoole/vendor/easyswoole/easyswoole/src/Core/Core.php(45): EasySwoole\Core\Swoole\ServerManager->start()
#5 /Users/yuliang/EasySwoole/vendor/easyswoole/easyswoole/bin/easyswoole(326): EasySwoole\Core\Core->run()
#6 /Users/yuliang/EasySwoole/vendor/easyswoole/easyswoole/bin/easys]
19-05-27 11:00:32:Error at file[/Users/yuliang/EasySwoole/App/Lib/Redis/Redis.php] line[38] message:[Undefined index: port]
19-05-27 11:00:32:Error at file[/Users/yuliang/EasySwoole/App/Lib/Redis/Redis.php] line[40] message:[Uncaught Exception: No such file or directory in /Users/yuliang/EasySwoole/App/Lib/Redis/Redis.php:40
Stack trace:
#0 /Users/yuliang/EasySwoole/vendor/easyswoole/easyswoole/src/Core/AbstractInterface/Singleton.php(18): App\Lib\Redis\Redis->__construct()
#1 /Users/yuliang/EasySwoole/EasySwooleEvent.php(67): App\Lib\Redis\Redis::getInstance()
#2 /Users/yuliang/EasySwoole/vendor/easyswoole/easyswoole/src/Core/Swoole/ServerManager.php(130): EasySwoole\EasySwooleEvent::mainServerCreate(Object(EasySwoole\Core\Swoole\ServerManager), Object(EasySwoole\Core\Swoole\EventRegister))
#3 /Users/yuliang/EasySwoole/vendor/easyswoole/easyswoole/src/Core/Swoole/ServerManager.php(61): EasySwoole\Core\Swoole\ServerManager->createMainServer()
#4 /Users/yuliang/EasySwoole/vendor/easyswoole/easyswoole/src/Core/Core.php(45): EasySwoole\Core\Swoole\ServerManager->start()
#5 /Users/yuliang/EasySwoole/vendor/easyswoole/easyswoole/bin/easyswoole(326): EasySwoole\Core\Core->run()
#6 /Users/yuliang/EasySwoole/vendor/easyswoole/easyswoole/]
19-05-27 11:00:42:Error at file[/Users/yuliang/EasySwoole/App/Lib/Redis/Redis.php] line[38] message:[Undefined index: port]
19-05-27 11:00:42:Error at file[/Users/yuliang/EasySwoole/App/Lib/Redis/Redis.php] line[40] message:[Uncaught Exception: No such file or directory in /Users/yuliang/EasySwoole/App/Lib/Redis/Redis.php:40
Stack trace:
#0 /Users/yuliang/EasySwoole/vendor/easyswoole/easyswoole/src/Core/AbstractInterface/Singleton.php(18): App\Lib\Redis\Redis->__construct()
#1 /Users/yuliang/EasySwoole/EasySwooleEvent.php(67): App\Lib\Redis\Redis::getInstance()
#2 /Users/yuliang/EasySwoole/vendor/easyswoole/easyswoole/src/Core/Swoole/ServerManager.php(130): EasySwoole\EasySwooleEvent::mainServerCreate(Object(EasySwoole\Core\Swoole\ServerManager), Object(EasySwoole\Core\Swoole\EventRegister))
#3 /Users/yuliang/EasySwoole/vendor/easyswoole/easyswoole/src/Core/Swoole/ServerManager.php(61): EasySwoole\Core\Swoole\ServerManager->createMainServer()
#4 /Users/yuliang/EasySwoole/vendor/easyswoole/easyswoole/src/Core/Core.php(45): EasySwoole\Core\Swoole\ServerManager->start()
#5 /Users/yuliang/EasySwoole/vendor/easyswoole/easyswoole/bin/easyswoole(326): EasySwoole\Core\Core->run()
#6 /Users/yuliang/EasySwoole/vendor/easyswoole/easyswoole/]
19-05-27 11:01:51:Error at file[/Users/yuliang/EasySwoole/App/Lib/Redis/Redis.php] line[38] message:[Undefined index: port]
19-05-27 11:01:51:Error at file[/Users/yuliang/EasySwoole/App/Lib/Redis/Redis.php] line[40] message:[Uncaught Exception: No such file or directory in /Users/yuliang/EasySwoole/App/Lib/Redis/Redis.php:40
Stack trace:
#0 /Users/yuliang/EasySwoole/vendor/easyswoole/easyswoole/src/Core/AbstractInterface/Singleton.php(18): App\Lib\Redis\Redis->__construct()
#1 /Users/yuliang/EasySwoole/EasySwooleEvent.php(67): App\Lib\Redis\Redis::getInstance()
#2 /Users/yuliang/EasySwoole/vendor/easyswoole/easyswoole/src/Core/Swoole/ServerManager.php(130): EasySwoole\EasySwooleEvent::mainServerCreate(Object(EasySwoole\Core\Swoole\ServerManager), Object(EasySwoole\Core\Swoole\EventRegister))
#3 /Users/yuliang/EasySwoole/vendor/easyswoole/easyswoole/src/Core/Swoole/ServerManager.php(61): EasySwoole\Core\Swoole\ServerManager->createMainServer()
#4 /Users/yuliang/EasySwoole/vendor/easyswoole/easyswoole/src/Core/Core.php(45): EasySwoole\Core\Swoole\ServerManager->start()
#5 /Users/yuliang/EasySwoole/vendor/easyswoole/easyswoole/bin/easyswoole(326): EasySwoole\Core\Core->run()
#6 /Users/yuliang/EasySwoole/vendor/easyswoole/easyswoole/]
19-05-27 11:02:36:Error at file[/Users/yuliang/EasySwoole/App/Lib/Redis/Redis.php] line[39] message:[Undefined index: port]
19-05-27 11:02:36:Error at file[/Users/yuliang/EasySwoole/App/Lib/Redis/Redis.php] line[41] message:[Uncaught Exception: No such file or directory in /Users/yuliang/EasySwoole/App/Lib/Redis/Redis.php:41
Stack trace:
#0 /Users/yuliang/EasySwoole/vendor/easyswoole/easyswoole/src/Core/AbstractInterface/Singleton.php(18): App\Lib\Redis\Redis->__construct()
#1 /Users/yuliang/EasySwoole/EasySwooleEvent.php(67): App\Lib\Redis\Redis::getInstance()
#2 /Users/yuliang/EasySwoole/vendor/easyswoole/easyswoole/src/Core/Swoole/ServerManager.php(130): EasySwoole\EasySwooleEvent::mainServerCreate(Object(EasySwoole\Core\Swoole\ServerManager), Object(EasySwoole\Core\Swoole\EventRegister))
#3 /Users/yuliang/EasySwoole/vendor/easyswoole/easyswoole/src/Core/Swoole/ServerManager.php(61): EasySwoole\Core\Swoole\ServerManager->createMainServer()
#4 /Users/yuliang/EasySwoole/vendor/easyswoole/easyswoole/src/Core/Core.php(45): EasySwoole\Core\Swoole\ServerManager->start()
#5 /Users/yuliang/EasySwoole/vendor/easyswoole/easyswoole/bin/easyswoole(326): EasySwoole\Core\Core->run()
#6 /Users/yuliang/EasySwoole/vendor/easyswoole/easyswoole/]
19-05-28 14:15:17:Error at file[/Users/yuliang/EasySwoole/vendor/easyswoole/easyswoole/src/Core/Http/Message/UploadFile.php] line[44] message:[file_put_contents(/Users/yuliang/EasySwoole/webroot//tmp/swoole.upfile.2wdXOg): failed to open stream: No such file or directory]
19-05-28 14:16:54:Error at file[/Users/yuliang/EasySwoole/vendor/easyswoole/easyswoole/src/Core/Http/Message/UploadFile.php] line[44] message:[file_put_contents(/Users/yuliang/EasySwoole/webroot/tmp/swoole.upfile.isxu9J): failed to open stream: No such file or directory]
19-05-28 20:05:43:Error at file[/Users/yuliang/EasySwoole/App/Lib/Redis/Redis.php] line[101] message:[Redis::lPop(): send of 31 bytes failed with errno=32 Broken pipe]
19-05-28 20:05:44:Error at file[/Users/yuliang/EasySwoole/App/Lib/Redis/Redis.php] line[101] message:[Redis::lPop(): send of 31 bytes failed with errno=32 Broken pipe]
19-05-28 20:05:44:Error at file[/Users/yuliang/EasySwoole/App/Lib/Redis/Redis.php] line[101] message:[Redis::lPop(): send of 31 bytes failed with errno=32 Broken pipe]
19-05-28 20:05:45:Error at file[/Users/yuliang/EasySwoole/App/Lib/Redis/Redis.php] line[101] message:[Redis::lPop(): send of 31 bytes failed with errno=32 Broken pipe]
19-05-28 20:05:45:Error at file[/Users/yuliang/EasySwoole/App/Lib/Redis/Redis.php] line[101] message:[Redis::lPop(): send of 31 bytes failed with errno=32 Broken pipe]
19-05-28 20:05:46:Error at file[/Users/yuliang/EasySwoole/App/Lib/Redis/Redis.php] line[101] message:[Redis::lPop(): send of 31 bytes failed with errno=32 Broken pipe]
19-05-28 20:05:46:Error at file[/Users/yuliang/EasySwoole/App/Lib/Redis/Redis.php] line[101] message:[Redis::lPop(): send of 31 bytes failed with errno=32 Broken pipe]
19-05-28 20:05:47:Error at file[/Users/yuliang/EasySwoole/App/Lib/Redis/Redis.php] line[101] message:[Redis::lPop(): send of 31 bytes failed with errno=32 Broken pipe]
19-05-28 20:05:47:Error at file[/Users/yuliang/EasySwoole/App/Lib/Redis/Redis.php] line[101] message:[Redis::lPop(): send of 31 bytes failed with errno=32 Broken pipe]
19-05-28 20:05:48:Error at file[/Users/yuliang/EasySwoole/App/Lib/Redis/Redis.php] line[101] message:[Redis::lPop(): send of 31 bytes failed with errno=32 Broken pipe]
19-05-28 20:05:48:Error at file[/Users/yuliang/EasySwoole/App/Lib/Redis/Redis.php] line[101] message:[Redis::lPop(): send of 31 bytes failed with errno=32 Broken pipe]
19-05-28 20:05:49:Error at file[/Users/yuliang/EasySwoole/App/Lib/Redis/Redis.php] line[101] message:[Redis::lPop(): send of 31 bytes failed with errno=32 Broken pipe]
19-05-29 17:14:13:Error at file[/Users/yuliang/EasySwoole/App/HttpController/Api/Upload.php] line[39] message:[array_keys() expects parameter 1 to be array, null given]
19-05-31 09:39:27:Error at file[/Users/yuliang/EasySwoole/App/HttpController/Api/Video.php] line[34] message:[array_column() expects parameter 1 to be array, object given]
19-05-31 09:45:17:Error at file[/Users/yuliang/EasySwoole/vendor/easyswoole/easyswoole/src/Core/Swoole/ServerManager.php] line[115] message:[Uncaught Swoole\Exception: failed to listen server port[0.0.0.0:9501]. Error: Address already in use[48]. in /Users/yuliang/EasySwoole/vendor/easyswoole/easyswoole/src/Core/Swoole/ServerManager.php:115
Stack trace:
#0 /Users/yuliang/EasySwoole/vendor/easyswoole/easyswoole/src/Core/Swoole/ServerManager.php(115): Swoole\Server->__construct('0.0.0.0', 9501, 2, 1)
#1 /Users/yuliang/EasySwoole/vendor/easyswoole/easyswoole/src/Core/Swoole/ServerManager.php(61): EasySwoole\Core\Swoole\ServerManager->createMainServer()
#2 /Users/yuliang/EasySwoole/vendor/easyswoole/easyswoole/src/Core/Core.php(45): EasySwoole\Core\Swoole\ServerManager->start()
#3 /Users/yuliang/EasySwoole/vendor/easyswoole/easyswoole/bin/easyswoole(326): EasySwoole\Core\Core->run()
#4 /Users/yuliang/EasySwoole/vendor/easyswoole/easyswoole/bin/easyswoole(25): serverStart(Array)
#5 /Users/yuliang/EasySwoole/vendor/easyswoole/easyswoole/bin/easyswoole(462): commandHandler()
#6 /Users/yuliang/EasySwoole/easyswoole(2): require('/Users/yuliang/...')
#7 {ma]
