20-03-02 13:44:53:Exception at file[/Users/yuliang/EasySwoole/vendor/easyswoole/easyswoole/src/Core/Component/Cache/CacheProcess.php] line[145] message:[Class 'swoole_serialize' not found]
20-03-02 13:44:54:Exception at file[/Users/yuliang/EasySwoole/vendor/easyswoole/easyswoole/src/Core/Component/Cache/CacheProcess.php] line[145] message:[Class 'swoole_serialize' not found]
20-03-02 13:44:55:Exception at file[/Users/yuliang/EasySwoole/vendor/easyswoole/easyswoole/src/Core/Component/Cache/CacheProcess.php] line[145] message:[Class 'swoole_serialize' not found]
20-03-02 13:44:56:Exception at file[/Users/yuliang/EasySwoole/vendor/easyswoole/easyswoole/src/Core/Component/Cache/CacheProcess.php] line[145] message:[Class 'swoole_serialize' not found]
20-03-02 13:44:57:Exception at file[/Users/yuliang/EasySwoole/vendor/easyswoole/easyswoole/src/Core/Component/Cache/CacheProcess.php] line[145] message:[Class 'swoole_serialize' not found]
20-03-02 13:44:58:Exception at file[/Users/yuliang/EasySwoole/vendor/easyswoole/easyswoole/src/Core/Component/Cache/CacheProcess.php] line[145] message:[Class 'swoole_serialize' not found]
20-03-02 13:44:59:Exception at file[/Users/yuliang/EasySwoole/vendor/easyswoole/easyswoole/src/Core/Component/Cache/CacheProcess.php] line[145] message:[Class 'swoole_serialize' not found]
20-03-02 13:45:00:Exception at file[/Users/yuliang/EasySwoole/vendor/easyswoole/easyswoole/src/Core/Component/Cache/CacheProcess.php] line[145] message:[Class 'swoole_serialize' not found]
20-03-02 13:45:01:Exception at file[/Users/yuliang/EasySwoole/vendor/easyswoole/easyswoole/src/Core/Component/Cache/CacheProcess.php] line[145] message:[Class 'swoole_serialize' not found]
20-03-02 13:45:02:Exception at file[/Users/yuliang/EasySwoole/vendor/easyswoole/easyswoole/src/Core/Component/Cache/CacheProcess.php] line[145] message:[Class 'swoole_serialize' not found]
20-03-02 13:45:03:Exception at file[/Users/yuliang/EasySwoole/vendor/easyswoole/easyswoole/src/Core/Component/Cache/CacheProcess.php] line[145] message:[Class 'swoole_serialize' not found]
20-03-02 13:45:04:Exception at file[/Users/yuliang/EasySwoole/vendor/easyswoole/easyswoole/src/Core/Component/Cache/CacheProcess.php] line[145] message:[Class 'swoole_serialize' not found]
20-03-02 13:45:05:Exception at file[/Users/yuliang/EasySwoole/vendor/easyswoole/easyswoole/src/Core/Component/Cache/CacheProcess.php] line[145] message:[Class 'swoole_serialize' not found]
20-03-02 13:45:06:Exception at file[/Users/yuliang/EasySwoole/vendor/easyswoole/easyswoole/src/Core/Component/Cache/CacheProcess.php] line[145] message:[Class 'swoole_serialize' not found]
20-03-02 13:45:07:Exception at file[/Users/yuliang/EasySwoole/vendor/easyswoole/easyswoole/src/Core/Component/Cache/CacheProcess.php] line[145] message:[Class 'swoole_serialize' not found]
20-03-02 13:45:08:Exception at file[/Users/yuliang/EasySwoole/vendor/easyswoole/easyswoole/src/Core/Component/Cache/CacheProcess.php] line[145] message:[Class 'swoole_serialize' not found]
20-03-02 13:45:09:Exception at file[/Users/yuliang/EasySwoole/vendor/easyswoole/easyswoole/src/Core/Component/Cache/CacheProcess.php] line[145] message:[Class 'swoole_serialize' not found]
20-03-02 13:45:10:Exception at file[/Users/yuliang/EasySwoole/vendor/easyswoole/easyswoole/src/Core/Component/Cache/CacheProcess.php] line[145] message:[Class 'swoole_serialize' not found]
20-03-02 13:45:11:Exception at file[/Users/yuliang/EasySwoole/vendor/easyswoole/easyswoole/src/Core/Component/Cache/CacheProcess.php] line[145] message:[Class 'swoole_serialize' not found]
20-03-02 13:45:12:Exception at file[/Users/yuliang/EasySwoole/vendor/easyswoole/easyswoole/src/Core/Component/Cache/CacheProcess.php] line[145] message:[Class 'swoole_serialize' not found]
20-03-02 13:45:13:Exception at file[/Users/yuliang/EasySwoole/vendor/easyswoole/easyswoole/src/Core/Component/Cache/CacheProcess.php] line[145] message:[Class 'swoole_serialize' not found]
20-03-02 13:45:14:Exception at file[/Users/yuliang/EasySwoole/vendor/easyswoole/easyswoole/src/Core/Component/Cache/CacheProcess.php] line[145] message:[Class 'swoole_serialize' not found]
20-03-02 13:45:15:Exception at file[/Users/yuliang/EasySwoole/vendor/easyswoole/easyswoole/src/Core/Component/Cache/CacheProcess.php] line[145] message:[Class 'swoole_serialize' not found]
20-03-02 13:45:16:Exception at file[/Users/yuliang/EasySwoole/vendor/easyswoole/easyswoole/src/Core/Component/Cache/CacheProcess.php] line[145] message:[Class 'swoole_serialize' not found]
20-03-02 13:45:17:Exception at file[/Users/yuliang/EasySwoole/vendor/easyswoole/easyswoole/src/Core/Component/Cache/CacheProcess.php] line[145] message:[Class 'swoole_serialize' not found]
20-03-02 13:45:18:Exception at file[/Users/yuliang/EasySwoole/vendor/easyswoole/easyswoole/src/Core/Component/Cache/CacheProcess.php] line[145] message:[Class 'swoole_serialize' not found]
20-03-02 13:45:19:Exception at file[/Users/yuliang/EasySwoole/vendor/easyswoole/easyswoole/src/Core/Component/Cache/CacheProcess.php] line[145] message:[Class 'swoole_serialize' not found]
20-03-02 13:45:20:Exception at file[/Users/yuliang/EasySwoole/vendor/easyswoole/easyswoole/src/Core/Component/Cache/CacheProcess.php] line[145] message:[Class 'swoole_serialize' not found]
20-03-02 13:45:21:Exception at file[/Users/yuliang/EasySwoole/vendor/easyswoole/easyswoole/src/Core/Component/Cache/CacheProcess.php] line[145] message:[Class 'swoole_serialize' not found]
20-03-02 13:45:22:Exception at file[/Users/yuliang/EasySwoole/vendor/easyswoole/easyswoole/src/Core/Component/Cache/CacheProcess.php] line[145] message:[Class 'swoole_serialize' not found]
20-03-02 13:45:23:Exception at file[/Users/yuliang/EasySwoole/vendor/easyswoole/easyswoole/src/Core/Component/Cache/CacheProcess.php] line[145] message:[Class 'swoole_serialize' not found]
20-03-02 13:45:24:Exception at file[/Users/yuliang/EasySwoole/vendor/easyswoole/easyswoole/src/Core/Component/Cache/CacheProcess.php] line[145] message:[Class 'swoole_serialize' not found]
20-03-02 13:45:25:Exception at file[/Users/yuliang/EasySwoole/vendor/easyswoole/easyswoole/src/Core/Component/Cache/CacheProcess.php] line[145] message:[Class 'swoole_serialize' not found]
20-03-02 13:45:26:Exception at file[/Users/yuliang/EasySwoole/vendor/easyswoole/easyswoole/src/Core/Component/Cache/CacheProcess.php] line[145] message:[Class 'swoole_serialize' not found]
20-03-16 22:27:36:Exception at file[/Users/yuliang/EasySwoole/vendor/easyswoole/easyswoole/src/Core/Component/Cache/CacheProcess.php] line[145] message:[Class 'swoole_serialize' not found]
20-03-16 22:27:37:Exception at file[/Users/yuliang/EasySwoole/vendor/easyswoole/easyswoole/src/Core/Component/Cache/CacheProcess.php] line[145] message:[Class 'swoole_serialize' not found]
20-03-16 22:27:38:Exception at file[/Users/yuliang/EasySwoole/vendor/easyswoole/easyswoole/src/Core/Component/Cache/CacheProcess.php] line[145] message:[Class 'swoole_serialize' not found]
20-03-16 22:27:39:Exception at file[/Users/yuliang/EasySwoole/vendor/easyswoole/easyswoole/src/Core/Component/Cache/CacheProcess.php] line[145] message:[Class 'swoole_serialize' not found]
20-03-16 22:27:40:Exception at file[/Users/yuliang/EasySwoole/vendor/easyswoole/easyswoole/src/Core/Component/Cache/CacheProcess.php] line[145] message:[Class 'swoole_serialize' not found]
20-03-16 23:18:22:Exception at file[/Users/yuliang/EasySwoole/vendor/easyswoole/easyswoole/src/Core/Component/Cache/CacheProcess.php] line[145] message:[Class 'swoole_serialize' not found]
20-03-16 23:18:23:Exception at file[/Users/yuliang/EasySwoole/vendor/easyswoole/easyswoole/src/Core/Component/Cache/CacheProcess.php] line[145] message:[Class 'swoole_serialize' not found]
20-03-16 23:18:24:Exception at file[/Users/yuliang/EasySwoole/vendor/easyswoole/easyswoole/src/Core/Component/Cache/CacheProcess.php] line[145] message:[Class 'swoole_serialize' not found]
20-03-16 23:18:25:Exception at file[/Users/yuliang/EasySwoole/vendor/easyswoole/easyswoole/src/Core/Component/Cache/CacheProcess.php] line[145] message:[Class 'swoole_serialize' not found]
20-03-16 23:18:26:Exception at file[/Users/yuliang/EasySwoole/vendor/easyswoole/easyswoole/src/Core/Component/Cache/CacheProcess.php] line[145] message:[Class 'swoole_serialize' not found]
20-03-16 23:27:12:Exception at file[/Users/yuliang/EasySwoole/vendor/easyswoole/easyswoole/src/Core/Component/Cache/CacheProcess.php] line[145] message:[Class 'swoole_serialize' not found]
20-03-16 23:27:13:Exception at file[/Users/yuliang/EasySwoole/vendor/easyswoole/easyswoole/src/Core/Component/Cache/CacheProcess.php] line[145] message:[Class 'swoole_serialize' not found]
20-03-16 23:27:14:Exception at file[/Users/yuliang/EasySwoole/vendor/easyswoole/easyswoole/src/Core/Component/Cache/CacheProcess.php] line[145] message:[Class 'swoole_serialize' not found]
20-03-16 23:27:15:Exception at file[/Users/yuliang/EasySwoole/vendor/easyswoole/easyswoole/src/Core/Component/Cache/CacheProcess.php] line[145] message:[Class 'swoole_serialize' not found]
20-03-16 23:27:16:Exception at file[/Users/yuliang/EasySwoole/vendor/easyswoole/easyswoole/src/Core/Component/Cache/CacheProcess.php] line[145] message:[Class 'swoole_serialize' not found]
20-03-16 23:27:17:Exception at file[/Users/yuliang/EasySwoole/vendor/easyswoole/easyswoole/src/Core/Component/Cache/CacheProcess.php] line[145] message:[Class 'swoole_serialize' not found]
20-03-16 23:27:18:Exception at file[/Users/yuliang/EasySwoole/vendor/easyswoole/easyswoole/src/Core/Component/Cache/CacheProcess.php] line[145] message:[Class 'swoole_serialize' not found]
20-03-16 23:27:19:Exception at file[/Users/yuliang/EasySwoole/vendor/easyswoole/easyswoole/src/Core/Component/Cache/CacheProcess.php] line[145] message:[Class 'swoole_serialize' not found]
20-03-16 23:43:52:Exception at file[/Users/yuliang/EasySwoole/vendor/easyswoole/easyswoole/src/Core/Component/Cache/CacheProcess.php] line[146] message:[Class 'swoole_serialize' not found]
20-03-16 23:43:53:Exception at file[/Users/yuliang/EasySwoole/vendor/easyswoole/easyswoole/src/Core/Component/Cache/CacheProcess.php] line[146] message:[Class 'swoole_serialize' not found]
20-03-16 23:43:54:Exception at file[/Users/yuliang/EasySwoole/vendor/easyswoole/easyswoole/src/Core/Component/Cache/CacheProcess.php] line[146] message:[Class 'swoole_serialize' not found]
20-03-16 23:43:55:Exception at file[/Users/yuliang/EasySwoole/vendor/easyswoole/easyswoole/src/Core/Component/Cache/CacheProcess.php] line[146] message:[Class 'swoole_serialize' not found]
20-03-16 23:43:56:Exception at file[/Users/yuliang/EasySwoole/vendor/easyswoole/easyswoole/src/Core/Component/Cache/CacheProcess.php] line[146] message:[Class 'swoole_serialize' not found]
20-03-17 00:03:25:Exception at file[/Users/yuliang/EasySwoole/vendor/easyswoole/easyswoole/src/Core/Component/Cache/CacheProcess.php] line[146] message:[Class 'swoole_serialize' not found]
20-03-17 00:03:26:Exception at file[/Users/yuliang/EasySwoole/vendor/easyswoole/easyswoole/src/Core/Component/Cache/CacheProcess.php] line[146] message:[Class 'swoole_serialize' not found]
20-03-17 00:03:27:Exception at file[/Users/yuliang/EasySwoole/vendor/easyswoole/easyswoole/src/Core/Component/Cache/CacheProcess.php] line[146] message:[Class 'swoole_serialize' not found]
20-03-17 00:03:28:Exception at file[/Users/yuliang/EasySwoole/vendor/easyswoole/easyswoole/src/Core/Component/Cache/CacheProcess.php] line[146] message:[Class 'swoole_serialize' not found]
20-03-17 00:03:29:Exception at file[/Users/yuliang/EasySwoole/vendor/easyswoole/easyswoole/src/Core/Component/Cache/CacheProcess.php] line[146] message:[Class 'swoole_serialize' not found]
20-03-22 00:51:14:Exception at file[/Users/yuliang/EasySwoole/vendor/easyswoole/easyswoole/src/Core/Component/Cache/CacheProcess.php] line[146] message:[Class 'swoole_serialize' not found]
20-03-22 00:51:15:Exception at file[/Users/yuliang/EasySwoole/vendor/easyswoole/easyswoole/src/Core/Component/Cache/CacheProcess.php] line[146] message:[Class 'swoole_serialize' not found]
20-03-22 00:51:16:Exception at file[/Users/yuliang/EasySwoole/vendor/easyswoole/easyswoole/src/Core/Component/Cache/CacheProcess.php] line[146] message:[Class 'swoole_serialize' not found]
20-03-22 00:51:17:Exception at file[/Users/yuliang/EasySwoole/vendor/easyswoole/easyswoole/src/Core/Component/Cache/CacheProcess.php] line[146] message:[Class 'swoole_serialize' not found]
20-03-22 00:51:18:Exception at file[/Users/yuliang/EasySwoole/vendor/easyswoole/easyswoole/src/Core/Component/Cache/CacheProcess.php] line[146] message:[Class 'swoole_serialize' not found]
20-03-22 00:51:19:Exception at file[/Users/yuliang/EasySwoole/vendor/easyswoole/easyswoole/src/Core/Component/Cache/CacheProcess.php] line[146] message:[Class 'swoole_serialize' not found]
20-03-22 20:48:28:Error at file[/Users/yuliang/EasySwoole/App/Model/Video.php] line[15] message:[Access level to App\Model\Video::$fields must be protected (as in class EasySwoole\Mysqli\TpORM) or weaker]
20-03-22 22:26:14:Error at file[/Users/yuliang/EasySwoole/App/HttpController/Api/Index.php] line[99] message:[Undefined index: name]
20-03-22 22:26:24:Error at file[/Users/yuliang/EasySwoole/App/HttpController/Api/Index.php] line[99] message:[Undefined index: name]
20-03-22 23:15:39:Error at file[/Users/yuliang/EasySwoole/App/Model/EsBase.php] line[68] message:[Undefined property: App\Model\EsBase::$index]
20-03-22 23:15:39:Error at file[/Users/yuliang/EasySwoole/App/Model/EsBase.php] line[69] message:[Undefined property: App\Model\EsBase::$type]
20-03-22 23:18:03:Error at file[/Users/yuliang/EasySwoole/App/Model/EsBase.php] line[68] message:[Undefined property: App\Model\EsBase::$index]
20-03-22 23:18:03:Error at file[/Users/yuliang/EasySwoole/App/Model/EsBase.php] line[69] message:[Undefined property: App\Model\EsBase::$type]
20-03-22 23:18:44:Error at file[/Users/yuliang/EasySwoole/App/Model/EsBase.php] line[68] message:[Undefined property: App\Model\EsBase::$index]
20-03-22 23:18:44:Error at file[/Users/yuliang/EasySwoole/App/Model/EsBase.php] line[69] message:[Undefined property: App\Model\EsBase::$type]
20-03-22 23:21:05:Error at file[/Users/yuliang/EasySwoole/App/Model/EsBase.php] line[76] message:[Undefined property: App\Model\EsBase::$index]
20-03-22 23:21:05:Error at file[/Users/yuliang/EasySwoole/App/Model/EsBase.php] line[77] message:[Undefined property: App\Model\EsBase::$type]
20-03-22 23:28:35:Error at file[/Users/yuliang/EasySwoole/App/Model/EsBase.php] line[78] message:[Undefined property: App\Model\EsBase::$index]
20-03-22 23:28:35:Error at file[/Users/yuliang/EasySwoole/App/Model/EsBase.php] line[79] message:[Undefined property: App\Model\EsBase::$type]
20-03-22 23:30:32:Error at file[/Users/yuliang/EasySwoole/App/Model/EsBase.php] line[73] message:[Undefined property: App\Model\EsBase::$index]
20-03-22 23:30:32:Error at file[/Users/yuliang/EasySwoole/App/Model/EsBase.php] line[74] message:[Undefined property: App\Model\EsBase::$type]
20-03-22 23:32:30:Error at file[/Users/yuliang/EasySwoole/App/Model/EsBase.php] line[73] message:[Undefined property: App\Model\EsBase::$index]
20-03-22 23:32:30:Error at file[/Users/yuliang/EasySwoole/App/Model/EsBase.php] line[74] message:[Undefined property: App\Model\EsBase::$type]
20-03-22 23:34:02:Error at file[/Users/yuliang/EasySwoole/App/Model/EsBase.php] line[73] message:[Undefined property: App\Model\EsBase::$index]
20-03-22 23:34:02:Error at file[/Users/yuliang/EasySwoole/App/Model/EsBase.php] line[74] message:[Undefined property: App\Model\EsBase::$type]
20-03-22 23:34:39:Error at file[/Users/yuliang/EasySwoole/App/Model/EsBase.php] line[73] message:[Undefined property: App\Model\EsBase::$index]
20-03-22 23:34:39:Error at file[/Users/yuliang/EasySwoole/App/Model/EsBase.php] line[74] message:[Undefined property: App\Model\EsBase::$type]
20-03-22 23:36:36:Error at file[/Users/yuliang/EasySwoole/App/Model/EsBase.php] line[32] message:[Undefined property: App\Model\EsVideo::$type]
20-03-22 23:36:36:Error at file[/Users/yuliang/EasySwoole/App/Model/EsBase.php] line[75] message:[Undefined property: App\Model\EsBase::$index]
20-03-22 23:36:36:Error at file[/Users/yuliang/EasySwoole/App/Model/EsBase.php] line[76] message:[Undefined property: App\Model\EsBase::$type]
20-03-30 00:07:06:Error at file[/Users/yuliang/EasySwoole/App/HttpController/Api/Index.php] line[144] message:[strrev() expects parameter 1 to be string, array given]
