19-07-04 10:06:14:consumer_2---13074491521
19-07-04 10:06:19:consumer_0---:1
19-07-04 10:06:19:验证码发送失败{"Message":":1 invalid mobile number","RequestId":"F6641FB3-6B99-4D02-90F5-771494A0283A","Code":"isv.MOBILE_NUMBER_ILLEGAL"}
19-07-04 21:47:33:consumer_1---3
19-07-04 21:47:34:验证码发送失败{"Message":"3invalid mobile number","RequestId":"29E1920B-5D28-4887-8ED9-81F7331DD0D6","Code":"isv.MOBILE_NUMBER_ILLEGAL"}
19-07-04 21:47:34:consumer_1---:3
19-07-04 21:47:34:验证码发送失败{"Message":":3 invalid mobile number","RequestId":"D9D664CB-B352-44FC-816D-65FD64AA5A00","Code":"isv.MOBILE_NUMBER_ILLEGAL"}
19-07-04 21:47:38:consumer_0---:3
19-07-04 21:47:38:验证码发送失败{"Message":":3 invalid mobile number","RequestId":"DF8A1001-97AB-4114-AFC0-AE0F9301E6F9","Code":"isv.MOBILE_NUMBER_ILLEGAL"}
19-07-04 21:47:38:consumer_0---:3
19-07-04 21:47:38:验证码发送失败{"Message":":3 invalid mobile number","RequestId":"8F4BF691-7D17-482B-B965-1D1A69A08371","Code":"isv.MOBILE_NUMBER_ILLEGAL"}
19-07-04 21:49:14:consumer_0---:3
19-07-04 21:49:14:验证码发送失败{"Message":":3 invalid mobile number","RequestId":"D84D0427-1D8E-4B18-94E3-F147A0DCB73A","Code":"isv.MOBILE_NUMBER_ILLEGAL"}
19-07-04 21:49:14:consumer_0---:3
19-07-04 21:49:14:验证码发送失败{"Message":":3 invalid mobile number","RequestId":"C4BF2836-B06D-4847-90C8-C77813A7E704","Code":"isv.MOBILE_NUMBER_ILLEGAL"}
19-07-04 21:49:19:consumer_0---:3
19-07-04 21:49:20:验证码发送失败{"Message":":3 invalid mobile number","RequestId":"EC87A65F-C6CD-411B-BFD7-BB1C31B20569","Code":"isv.MOBILE_NUMBER_ILLEGAL"}
19-07-04 21:50:19:consumer_0---:3
19-07-04 21:50:19:验证码发送失败{"Message":":3 invalid mobile number","RequestId":"322EAD42-1F84-424C-B184-7001980B929A","Code":"isv.MOBILE_NUMBER_ILLEGAL"}
19-07-04 21:50:29:consumer_0---:3
19-07-04 21:50:29:验证码发送失败{"Message":":3 invalid mobile number","RequestId":"12582BFF-033F-4A7F-B1FF-11DBA71E6095","Code":"isv.MOBILE_NUMBER_ILLEGAL"}
19-07-04 21:50:29:consumer_0---:3
19-07-04 21:50:29:验证码发送失败{"Message":":3 invalid mobile number","RequestId":"C27C6792-5598-4408-80A5-7DF8E4CD6FDA","Code":"isv.MOBILE_NUMBER_ILLEGAL"}
19-07-04 21:50:29:consumer_0---*6
19-07-04 21:50:29:验证码发送失败{"Message":"*6 invalid mobile number","RequestId":"6CF681D3-0D4E-4DEF-937A-F84D343E2321","Code":"isv.MOBILE_NUMBER_ILLEGAL"}
19-07-04 21:50:29:consumer_0---17
19-07-04 21:50:29:验证码发送失败{"Message":"17invalid mobile number","RequestId":"E001505C-DBC4-47E5-B68A-11EFD872769A","Code":"isv.MOBILE_NUMBER_ILLEGAL"}
19-07-04 21:50:29:consumer_0---6
19-07-04 21:50:30:验证码发送失败{"Message":"6invalid mobile number","RequestId":"B6933279-ABF4-40D6-812A-D9AF5CEC07EA","Code":"isv.MOBILE_NUMBER_ILLEGAL"}
19-07-04 21:50:30:consumer_0---15
19-07-04 21:50:30:验证码发送失败{"Message":"15invalid mobile number","RequestId":"651A055A-12ED-4D9C-AB03-AAE5C0265327","Code":"isv.MOBILE_NUMBER_ILLEGAL"}
19-07-04 21:50:30:consumer_0---6
19-07-04 21:50:30:验证码发送失败{"Message":"6invalid mobile number","RequestId":"FCF3CB75-1984-4A12-9D1D-A994ECFE018B","Code":"isv.MOBILE_NUMBER_ILLEGAL"}
19-07-04 21:50:30:consumer_0---16
19-07-04 21:50:30:验证码发送失败{"Message":"16invalid mobile number","RequestId":"1C1E6B8A-6A0B-40F7-BC52-FD96681689E0","Code":"isv.MOBILE_NUMBER_ILLEGAL"}
19-07-04 21:50:30:consumer_0---4
19-07-04 21:50:30:验证码发送失败{"Message":"4invalid mobile number","RequestId":"1392B82D-408B-4A8E-96C3-69FD60AD32F8","Code":"isv.MOBILE_NUMBER_ILLEGAL"}
19-07-04 21:50:30:consumer_0---:3
19-07-04 21:50:31:验证码发送失败{"Message":":3 invalid mobile number","RequestId":"F6F064BB-9783-4928-A024-EF0EACF8A32E","Code":"isv.MOBILE_NUMBER_ILLEGAL"}
19-07-04 21:50:31:consumer_0---*6
19-07-04 21:50:32:验证码发送失败{"Message":"*6 invalid mobile number","RequestId":"9C2D166E-76A7-4D5F-975C-3C48678338BE","Code":"isv.MOBILE_NUMBER_ILLEGAL"}
19-07-04 21:50:32:consumer_0---17
19-07-04 21:50:32:验证码发送失败{"Message":"17invalid mobile number","RequestId":"25EB0330-D9D1-4288-B68C-A2CC4D5182A6","Code":"isv.MOBILE_NUMBER_ILLEGAL"}
19-07-04 21:50:32:consumer_0---6
19-07-04 21:50:32:验证码发送失败{"Message":"6invalid mobile number","RequestId":"4C02C159-4E7C-4FF7-90DB-892794FDC346","Code":"isv.MOBILE_NUMBER_ILLEGAL"}
19-07-04 21:50:32:consumer_0---15
19-07-04 21:50:32:验证码发送失败{"Message":"15invalid mobile number","RequestId":"43B25939-C480-493C-A03E-A4F9105C7E1C","Code":"isv.MOBILE_NUMBER_ILLEGAL"}
19-07-04 21:50:32:consumer_0---6
19-07-04 21:50:32:验证码发送失败{"Message":"6invalid mobile number","RequestId":"1BA23968-5620-4D86-A604-1D34F3528797","Code":"isv.MOBILE_NUMBER_ILLEGAL"}
19-07-04 21:50:32:consumer_0---16
19-07-04 21:50:33:验证码发送失败{"Message":"16invalid mobile number","RequestId":"7CBF7917-09B9-41C7-B65B-C4C597810C5B","Code":"isv.MOBILE_NUMBER_ILLEGAL"}
19-07-04 21:50:33:consumer_0---4
19-07-04 21:50:33:验证码发送失败{"Message":"4invalid mobile number","RequestId":"D66DFFEC-9F8F-45BC-B3FC-626B937913F4","Code":"isv.MOBILE_NUMBER_ILLEGAL"}
19-07-04 21:50:39:consumer_0---:3
19-07-04 21:50:40:验证码发送失败{"Message":":3 invalid mobile number","RequestId":"D93D3A70-6447-49FB-92D9-C2B474B4B61B","Code":"isv.MOBILE_NUMBER_ILLEGAL"}
19-07-04 21:50:45:consumer_0---:3
19-07-04 21:50:45:验证码发送失败{"Message":":3 invalid mobile number","RequestId":"0B446D29-886D-4EAA-8B43-B773A19629D0","Code":"isv.MOBILE_NUMBER_ILLEGAL"}
19-07-04 21:50:45:consumer_0---:3
19-07-04 21:50:46:验证码发送失败{"Message":":3 invalid mobile number","RequestId":"FF0D81FB-23C4-4CE5-AEF3-38F9EFB016AB","Code":"isv.MOBILE_NUMBER_ILLEGAL"}
19-07-04 21:50:49:consumer_2---:3
19-07-04 21:50:49:验证码发送失败{"Message":":3 invalid mobile number","RequestId":"1D49DF40-1467-45B0-B9B9-8DF39C02E3FE","Code":"isv.MOBILE_NUMBER_ILLEGAL"}
19-07-04 21:50:54:consumer_2---:3
19-07-04 21:50:54:验证码发送失败{"Message":":3 invalid mobile number","RequestId":"B877860B-5185-404C-AC5D-F218E68584C7","Code":"isv.MOBILE_NUMBER_ILLEGAL"}
19-07-04 21:50:54:consumer_2---:3
19-07-04 21:50:54:验证码发送失败{"Message":":3 invalid mobile number","RequestId":"E411C0EC-31BA-431C-8E11-16A322E0AB32","Code":"isv.MOBILE_NUMBER_ILLEGAL"}
19-07-04 21:50:54:consumer_2---:3
19-07-04 21:50:55:验证码发送失败{"Message":":3 invalid mobile number","RequestId":"2E356FAC-0F81-4703-942B-5902D13BCCA9","Code":"isv.MOBILE_NUMBER_ILLEGAL"}
19-07-04 21:50:59:consumer_0---:3
19-07-04 21:51:00:验证码发送失败{"Message":":3 invalid mobile number","RequestId":"0FD96DC7-338D-4584-80ED-968F704370C4","Code":"isv.MOBILE_NUMBER_ILLEGAL"}
19-07-04 21:51:04:consumer_2---:3
19-07-04 21:51:04:验证码发送失败{"Message":":3 invalid mobile number","RequestId":"18538787-4C7C-4A73-A6B1-276AD49C0D30","Code":"isv.MOBILE_NUMBER_ILLEGAL"}
19-07-04 21:51:53:consumer_2---*6
19-07-04 21:51:53:验证码发送失败{"Message":"*6 invalid mobile number","RequestId":"40A08DED-0D07-4C8A-B4AF-93E4408CBB2D","Code":"isv.MOBILE_NUMBER_ILLEGAL"}
19-07-04 21:51:53:consumer_2---17
19-07-04 21:51:53:验证码发送失败{"Message":"17invalid mobile number","RequestId":"2A602043-0018-45AB-BCEB-589992180F67","Code":"isv.MOBILE_NUMBER_ILLEGAL"}
19-07-04 21:51:53:consumer_2---6
19-07-04 21:51:53:验证码发送失败{"Message":"6invalid mobile number","RequestId":"68F4D2A5-181D-45AD-A03C-192ED5EF2644","Code":"isv.MOBILE_NUMBER_ILLEGAL"}
19-07-04 21:51:53:consumer_2---15
19-07-04 21:51:54:验证码发送失败{"Message":"15invalid mobile number","RequestId":"71BDE298-43BC-407D-8C15-726F450EF1E4","Code":"isv.MOBILE_NUMBER_ILLEGAL"}
19-07-04 21:51:54:consumer_2---6
19-07-04 21:51:54:验证码发送失败{"Message":"6invalid mobile number","RequestId":"2BBD732B-769D-4DF4-AAD7-35C8D698DAC4","Code":"isv.MOBILE_NUMBER_ILLEGAL"}
19-07-04 21:51:54:consumer_2---16
19-07-04 21:51:54:验证码发送失败{"Message":"16invalid mobile number","RequestId":"273DB66D-CC1E-4181-BDAC-8C3D933B5506","Code":"isv.MOBILE_NUMBER_ILLEGAL"}
19-07-04 21:51:54:consumer_2---4
19-07-04 21:51:54:验证码发送失败{"Message":"4invalid mobile number","RequestId":"94D3B4FA-962B-45CE-86C7-A0F38B30C96D","Code":"isv.MOBILE_NUMBER_ILLEGAL"}
19-07-04 21:52:07:consumer_0---2
19-07-04 21:52:07:验证码发送失败{"Message":"2invalid mobile number","RequestId":"3086EA59-01E5-46D6-A393-4BEE94864379","Code":"isv.MOBILE_NUMBER_ILLEGAL"}
19-07-05 17:18:35:consumer_1---:1
19-07-05 17:18:35:验证码发送失败{"Message":":1 invalid mobile number","RequestId":"86DF5966-7554-4695-A522-BBEAC31BD79D","Code":"isv.MOBILE_NUMBER_ILLEGAL"}
19-07-05 17:18:35:consumer_1---13074491521
19-07-05 17:49:58:consumer_2---2
19-07-05 17:49:58:验证码发送失败{"Message":"2invalid mobile number","RequestId":"33FF8F3E-425A-48D4-B6B2-E518CC469C54","Code":"isv.MOBILE_NUMBER_ILLEGAL"}
