/Users/yuliang/easyswoole/App/HttpController/Index.php___jb_tmp___ was modify
/Users/yuliang/easyswoole/App/HttpController/Index.php was modify
/Users/yuliang/easyswoole/App/HttpController/Index.php___jb_old___ was modify
/Users/yuliang/easyswoole/App/HttpController/Index.php___jb_tmp___ was modify
/Users/yuliang/easyswoole/App/HttpController/Index.php was modify
/Users/yuliang/easyswoole/App/HttpController/Index.php___jb_old___ was modify
/Users/yuliang/easyswoole/App/HttpController/Index.php___jb_tmp___ was modify
/Users/yuliang/easyswoole/App/HttpController/Index.php was modify
/Users/yuliang/easyswoole/App/HttpController/Index.php___jb_old___ was modify
/Users/yuliang/easyswoole/App/HttpController/Index.php___jb_tmp___ was modify
/Users/yuliang/easyswoole/App/HttpController/Index.php was modify
/Users/yuliang/easyswoole/App/HttpController/Index.php___jb_old___ was modify
/Users/yuliang/easyswoole/App/HttpController/Index.php___jb_tmp___ was modify
/Users/yuliang/easyswoole/App/HttpController/Index.php was modify
/Users/yuliang/easyswoole/App/HttpController/Index.php___jb_old___ was modify
/Users/yuliang/easyswoole/App was modify
/Users/yuliang/easyswoole/App was modify
/Users/yuliang/easyswoole/App was modify
/Users/yuliang/easyswoole/App was modify
/Users/yuliang/easyswoole/App/HttpController was modify
/Users/yuliang/easyswoole/App/HttpController was modify
/Users/yuliang/easyswoole/App/Model was modify
/Users/yuliang/easyswoole/App/Model was modify
/Users/yuliang/easyswoole/App/HttpController/Index.php___jb_tmp___ was modify
/Users/yuliang/easyswoole/App/HttpController/Index.php___jb_tmp___ was modify
/Users/yuliang/easyswoole/App/HttpController/Index.php was modify
/Users/yuliang/easyswoole/App/HttpController/Index.php was modify
/Users/yuliang/easyswoole/App/HttpController/Index.php___jb_old___ was modify
/Users/yuliang/easyswoole/App/HttpController/Index.php___jb_old___ was modify
/Users/yuliang/easyswoole/App/HttpController/Index.php___jb_tmp___ was modify
/Users/yuliang/easyswoole/App/HttpController/Index.php___jb_tmp___ was modify
/Users/yuliang/easyswoole/App/HttpController/Index.php was modify
/Users/yuliang/easyswoole/App/HttpController/Index.php was modify
/Users/yuliang/easyswoole/App/HttpController/Index.php___jb_old___ was modify
/Users/yuliang/easyswoole/App/HttpController/Index.php___jb_old___ was modify
/Users/yuliang/easyswoole/App/HttpController/Index.php___jb_tmp___ was modify
/Users/yuliang/easyswoole/App/HttpController/Index.php___jb_tmp___ was modify
/Users/yuliang/easyswoole/App/HttpController/Index.php was modify
/Users/yuliang/easyswoole/App/HttpController/Index.php was modify
/Users/yuliang/easyswoole/App/HttpController/Index.php___jb_old___ was modify
/Users/yuliang/easyswoole/App/HttpController/Index.php___jb_old___ was modify
/Users/yuliang/easyswoole/App/HttpController/Index.php___jb_tmp___ was modify
/Users/yuliang/easyswoole/App/HttpController/Index.php___jb_tmp___ was modify
/Users/yuliang/easyswoole/App/HttpController/Index.php was modify
/Users/yuliang/easyswoole/App/HttpController/Index.php was modify
/Users/yuliang/easyswoole/App/HttpController/Index.php___jb_old___ was modify
/Users/yuliang/easyswoole/App/HttpController/Index.php___jb_old___ was modify
/Users/yuliang/easyswoole/App/HttpController/Index.php___jb_tmp___ was modify
/Users/yuliang/easyswoole/App/HttpController/Index.php___jb_tmp___ was modify
/Users/yuliang/easyswoole/App/HttpController/Index.php was modify
/Users/yuliang/easyswoole/App/HttpController/Index.php was modify
/Users/yuliang/easyswoole/App/HttpController/Index.php___jb_old___ was modify
/Users/yuliang/easyswoole/App/HttpController/Index.php___jb_old___ was modify
/Users/yuliang/easyswoole/App/HttpController/Index.php___jb_tmp___ was modify
/Users/yuliang/easyswoole/App/HttpController/Index.php___jb_tmp___ was modify
/Users/yuliang/easyswoole/App/HttpController/Index.php was modify
/Users/yuliang/easyswoole/App/HttpController/Index.php was modify
/Users/yuliang/easyswoole/App/HttpController/Index.php___jb_old___ was modify
/Users/yuliang/easyswoole/App/HttpController/Index.php___jb_old___ was modify
/Users/yuliang/easyswoole/App/HttpController/Index.php___jb_tmp___ was modify
/Users/yuliang/easyswoole/App/HttpController/Index.php___jb_tmp___ was modify
/Users/yuliang/easyswoole/App/HttpController/Index.php was modify
/Users/yuliang/easyswoole/App/HttpController/Index.php was modify
/Users/yuliang/easyswoole/App/HttpController/Index.php___jb_old___ was modify
/Users/yuliang/easyswoole/App/HttpController/Index.php___jb_old___ was modify
/Users/yuliang/easyswoole/App/HttpController/Index.php___jb_tmp___ was modify
/Users/yuliang/easyswoole/App/HttpController/Index.php___jb_tmp___ was modify
/Users/yuliang/easyswoole/App/HttpController/Index.php was modify
/Users/yuliang/easyswoole/App/HttpController/Index.php was modify
/Users/yuliang/easyswoole/App/HttpController/Index.php___jb_old___ was modify
/Users/yuliang/easyswoole/App/HttpController/Index.php___jb_old___ was modify
/Users/yuliang/easyswoole/App/HttpController/Index.php___jb_tmp___ was modify
/Users/yuliang/easyswoole/App/HttpController/Index.php___jb_tmp___ was modify
/Users/yuliang/easyswoole/App/HttpController/Index.php was modify
/Users/yuliang/easyswoole/App/HttpController/Index.php was modify
/Users/yuliang/easyswoole/App/HttpController/Index.php___jb_old___ was modify
/Users/yuliang/easyswoole/App/HttpController/Index.php___jb_old___ was modify
/Users/yuliang/easyswoole/App/HttpController/Category.php___jb_tmp___ was modify
/Users/yuliang/easyswoole/App/HttpController/Category.php was modify
/Users/yuliang/easyswoole/App/HttpController/Category.php___jb_old___ was modify
/Users/yuliang/easyswoole/App/HttpController/Category.php___jb_tmp___ was modify
/Users/yuliang/easyswoole/App/HttpController/Category.php was modify
/Users/yuliang/easyswoole/App/HttpController/Category.php___jb_old___ was modify
/Users/yuliang/easyswoole/App/HttpController/Category.php___jb_tmp___ was modify
/Users/yuliang/easyswoole/App/HttpController/Category.php was modify
/Users/yuliang/easyswoole/App/HttpController/Category.php___jb_old___ was modify
/Users/yuliang/easyswoole/App/HttpController/Category.php___jb_tmp___ was modify
/Users/yuliang/easyswoole/App/HttpController/Category.php was modify
/Users/yuliang/easyswoole/App/HttpController/Category.php___jb_old___ was modify
/Users/yuliang/easyswoole/App/HttpController/Category.php___jb_tmp___ was modify
/Users/yuliang/easyswoole/App/HttpController/Category.php was modify
/Users/yuliang/easyswoole/App/HttpController/Category.php___jb_old___ was modify
/Users/yuliang/easyswoole/App/HttpController/Category.php___jb_tmp___ was modify
/Users/yuliang/easyswoole/App/HttpController/Category.php was modify
/Users/yuliang/easyswoole/App/HttpController/Category.php___jb_old___ was modify
/Users/yuliang/easyswoole/App/HttpController/Category.php___jb_tmp___ was modify
/Users/yuliang/easyswoole/App/HttpController/Category.php was modify
/Users/yuliang/easyswoole/App/HttpController/Category.php___jb_old___ was modify
/Users/yuliang/easyswoole/App/HttpController/Api/Index.php___jb_tmp___ was modify
/Users/yuliang/easyswoole/App/HttpController/Api/Index.php was modify
/Users/yuliang/easyswoole/App/HttpController/Api/Index.php___jb_old___ was modify
/Users/yuliang/easyswoole/App/HttpController/Api/Index.php___jb_tmp___ was modify
/Users/yuliang/easyswoole/App/HttpController/Api/Index.php was modify
/Users/yuliang/easyswoole/App/HttpController/Api/Index.php___jb_old___ was modify
/Users/yuliang/easyswoole/App/HttpController/Api/Index.php___jb_tmp___ was modify
/Users/yuliang/easyswoole/App/HttpController/Api/Index.php was modify
/Users/yuliang/easyswoole/App/HttpController/Api/Index.php___jb_old___ was modify
/Users/yuliang/easyswoole/App/HttpController/Api/Index.php___jb_tmp___ was modify
/Users/yuliang/easyswoole/App/HttpController/Api/Index.php was modify
/Users/yuliang/easyswoole/App/HttpController/Api/Index.php___jb_old___ was modify
/Users/yuliang/easyswoole/App/HttpController/Api/Index.php___jb_tmp___ was modify
/Users/yuliang/easyswoole/App/HttpController/Api/Index.php was modify
/Users/yuliang/easyswoole/App/HttpController/Api/Index.php___jb_old___ was modify
/Users/yuliang/easyswoole/App/HttpController/Api/Index.php___jb_tmp___ was modify
/Users/yuliang/easyswoole/App/HttpController/Api/Index.php was modify
/Users/yuliang/easyswoole/App/HttpController/Api/Index.php___jb_old___ was modify
/Users/yuliang/easyswoole/App/HttpController/Api/Base.php___jb_tmp___ was modify
/Users/yuliang/easyswoole/App/HttpController/Api/Base.php was modify
/Users/yuliang/easyswoole/App/HttpController/Api/Base.php___jb_old___ was modify
/Users/yuliang/easyswoole/App/HttpController/Api/Base.php___jb_tmp___ was modify
/Users/yuliang/easyswoole/App/HttpController/Api/Base.php was modify
/Users/yuliang/easyswoole/App/HttpController/Api/Base.php___jb_old___ was modify
/Users/yuliang/easyswoole/App/HttpController/Api/Base.php___jb_tmp___ was modify
/Users/yuliang/easyswoole/App/HttpController/Api/Base.php was modify
/Users/yuliang/easyswoole/App/HttpController/Api/Base.php___jb_old___ was modify
/Users/yuliang/easyswoole/App/HttpController/Api/Base.php___jb_tmp___ was modify
/Users/yuliang/easyswoole/App/HttpController/Api/Base.php was modify
/Users/yuliang/easyswoole/App/HttpController/Api/Base.php___jb_old___ was modify
/Users/yuliang/easyswoole/App/HttpController/Api/Base.php___jb_tmp___ was modify
/Users/yuliang/easyswoole/App/HttpController/Api/Base.php was modify
/Users/yuliang/easyswoole/App/HttpController/Api/Base.php___jb_old___ was modify
/Users/yuliang/easyswoole/App/HttpController/Api/Base.php___jb_tmp___ was modify
/Users/yuliang/easyswoole/App/HttpController/Api/Base.php was modify
/Users/yuliang/easyswoole/App/HttpController/Api/Base.php___jb_old___ was modify
/Users/yuliang/easyswoole/App/HttpController/Api/Base.php___jb_tmp___ was modify
/Users/yuliang/easyswoole/App/HttpController/Api/Base.php was modify
/Users/yuliang/easyswoole/App/HttpController/Api/Base.php___jb_old___ was modify
/Users/yuliang/easyswoole/App/HttpController/Api/Base.php___jb_tmp___ was modify
/Users/yuliang/easyswoole/App/HttpController/Api/Base.php was modify
/Users/yuliang/easyswoole/App/HttpController/Api/Base.php___jb_old___ was modify
/Users/yuliang/easyswoole/App/HttpController/Api/Base.php___jb_tmp___ was modify
/Users/yuliang/easyswoole/App/HttpController/Api/Base.php was modify
/Users/yuliang/easyswoole/App/HttpController/Api/Base.php___jb_old___ was modify
/Users/yuliang/easyswoole/App/HttpController/Api/Base.php___jb_tmp___ was modify
/Users/yuliang/easyswoole/App/HttpController/Api/Base.php was modify
/Users/yuliang/easyswoole/App/HttpController/Api/Base.php___jb_old___ was modify
/Users/yuliang/easyswoole/App/HttpController/Api/Base.php___jb_tmp___ was modify
/Users/yuliang/easyswoole/App/HttpController/Api/Base.php was modify
/Users/yuliang/easyswoole/App/HttpController/Api/Base.php___jb_old___ was modify
/Users/yuliang/easyswoole/App/HttpController/Api/Base.php___jb_tmp___ was modify
/Users/yuliang/easyswoole/App/HttpController/Api/Base.php was modify
/Users/yuliang/easyswoole/App/HttpController/Api/Base.php___jb_old___ was modify
/Users/yuliang/easyswoole/App/HttpController/Api/Index.php___jb_tmp___ was modify
/Users/yuliang/easyswoole/App/HttpController/Api/Index.php was modify
/Users/yuliang/easyswoole/App/HttpController/Api/Index.php___jb_old___ was modify
/Users/yuliang/easyswoole/App/HttpController/Api/Index.php___jb_tmp___ was modify
/Users/yuliang/easyswoole/App/HttpController/Api/Index.php was modify
/Users/yuliang/easyswoole/App/HttpController/Api/Index.php___jb_old___ was modify
/Users/yuliang/easyswoole/App/HttpController/Api/Index.php___jb_tmp___ was modify
/Users/yuliang/easyswoole/App/HttpController/Api/Index.php was modify
/Users/yuliang/easyswoole/App/HttpController/Api/Index.php___jb_old___ was modify
/Users/yuliang/easyswoole/App/HttpController/Api/Index.php___jb_tmp___ was modify
/Users/yuliang/easyswoole/App/HttpController/Api/Index.php was modify
/Users/yuliang/easyswoole/App/HttpController/Api/Index.php___jb_old___ was modify
/Users/yuliang/easyswoole/App/HttpController/Api/Index.php___jb_tmp___ was modify
/Users/yuliang/easyswoole/App/HttpController/Api/Index.php was modify
/Users/yuliang/easyswoole/App/HttpController/Api/Index.php___jb_old___ was modify
/Users/yuliang/easyswoole/App/HttpController/Api/Index.php___jb_tmp___ was modify
/Users/yuliang/easyswoole/App/HttpController/Api/Index.php was modify
/Users/yuliang/easyswoole/App/HttpController/Api/Index.php___jb_old___ was modify
/Users/yuliang/easyswoole/App/HttpController/Api/Index.php___jb_tmp___ was modify
/Users/yuliang/easyswoole/App/HttpController/Api/Index.php was modify
/Users/yuliang/easyswoole/App/HttpController/Api/Index.php___jb_old___ was modify
/Users/yuliang/easyswoole/App/HttpController/Api/Base.php___jb_tmp___ was modify
/Users/yuliang/easyswoole/App/HttpController/Api/Base.php was modify
/Users/yuliang/easyswoole/App/HttpController/Api/Base.php___jb_old___ was modify
/Users/yuliang/easyswoole/App/HttpController/Api/Index.php___jb_tmp___ was modify
/Users/yuliang/easyswoole/App/HttpController/Api/Index.php was modify
/Users/yuliang/easyswoole/App/HttpController/Api/Index.php___jb_old___ was modify
/Users/yuliang/easyswoole/App/HttpController/Api/Index.php___jb_tmp___ was modify
/Users/yuliang/easyswoole/App/HttpController/Api/Index.php was modify
/Users/yuliang/easyswoole/App/HttpController/Api/Index.php___jb_old___ was modify
/Users/yuliang/easyswoole/App/HttpController/Api/Index.php___jb_tmp___ was modify
/Users/yuliang/easyswoole/App/HttpController/Api/Index.php was modify
/Users/yuliang/easyswoole/App/HttpController/Api/Index.php___jb_old___ was modify
/Users/yuliang/easyswoole/App/HttpController/Api/Base.php___jb_tmp___ was modify
/Users/yuliang/easyswoole/App/HttpController/Api/Base.php was modify
/Users/yuliang/easyswoole/App/HttpController/Api/Base.php___jb_old___ was modify
/Users/yuliang/easyswoole/App/HttpController/Api/Base.php___jb_tmp___ was modify
/Users/yuliang/easyswoole/App/HttpController/Api/Base.php was modify
/Users/yuliang/easyswoole/App/HttpController/Api/Base.php___jb_old___ was modify
/Users/yuliang/easyswoole/App/HttpController/Api/Base.php___jb_tmp___ was modify
/Users/yuliang/easyswoole/App/HttpController/Api/Base.php was modify
/Users/yuliang/easyswoole/App/HttpController/Api/Base.php___jb_old___ was modify
/Users/yuliang/easyswoole/App/HttpController/Api/Base.php___jb_tmp___ was modify
/Users/yuliang/easyswoole/App/HttpController/Api/Base.php was modify
/Users/yuliang/easyswoole/App/HttpController/Api/Base.php___jb_old___ was modify
/Users/yuliang/easyswoole/App/HttpController/Api/Base.php___jb_tmp___ was modify
/Users/yuliang/easyswoole/App/HttpController/Api/Base.php was modify
/Users/yuliang/easyswoole/App/HttpController/Api/Base.php___jb_old___ was modify
/Users/yuliang/easyswoole/App/HttpController/Api/Base.php___jb_tmp___ was modify
/Users/yuliang/easyswoole/App/HttpController/Api/Base.php was modify
/Users/yuliang/easyswoole/App/HttpController/Api/Base.php___jb_old___ was modify
/Users/yuliang/easyswoole/App/HttpController/Api/Base.php___jb_tmp___ was modify
/Users/yuliang/easyswoole/App/HttpController/Api/Base.php was modify
/Users/yuliang/easyswoole/App/HttpController/Api/Base.php___jb_old___ was modify
/Users/yuliang/EasySwoole/App/HttpController/Api/Base.php___jb_tmp___ was modify
/Users/yuliang/EasySwoole/App/HttpController/Api/Base.php was modify
/Users/yuliang/EasySwoole/App/HttpController/Api/Base.php___jb_old___ was modify
/Users/yuliang/EasySwoole/App/HttpController/Api/Base.php___jb_tmp___ was modify
/Users/yuliang/EasySwoole/App/HttpController/Api/Base.php was modify
/Users/yuliang/EasySwoole/App/HttpController/Api/Base.php___jb_old___ was modify
/Users/yuliang/EasySwoole/App/HttpController/Api/Index.php___jb_tmp___ was modify
/Users/yuliang/EasySwoole/App/HttpController/Api/Index.php was modify
/Users/yuliang/EasySwoole/App/HttpController/Api/Index.php___jb_old___ was modify
/Users/yuliang/EasySwoole/App/HttpController/Api/Index.php___jb_tmp___ was modify
/Users/yuliang/EasySwoole/App/HttpController/Api/Index.php was modify
/Users/yuliang/EasySwoole/App/HttpController/Api/Index.php___jb_old___ was modify
/Users/yuliang/EasySwoole/App/HttpController/Api/Index.php___jb_tmp___ was modify
/Users/yuliang/EasySwoole/App/HttpController/Api/Index.php was modify
/Users/yuliang/EasySwoole/App/HttpController/Api/Index.php___jb_old___ was modify
/Users/yuliang/EasySwoole/App/HttpController/Api/Index.php___jb_tmp___ was modify
/Users/yuliang/EasySwoole/App/HttpController/Api/Index.php was modify
/Users/yuliang/EasySwoole/App/HttpController/Api/Index.php___jb_old___ was modify
/Users/yuliang/EasySwoole/App/HttpController/Api/Index.php___jb_tmp___ was modify
/Users/yuliang/EasySwoole/App/HttpController/Api/Index.php was modify
/Users/yuliang/EasySwoole/App/HttpController/Api/Index.php___jb_old___ was modify
/Users/yuliang/EasySwoole/App/HttpController/Api/Index.php___jb_tmp___ was modify
/Users/yuliang/EasySwoole/App/HttpController/Api/Index.php was modify
/Users/yuliang/EasySwoole/App/HttpController/Api/Index.php___jb_old___ was modify
/Users/yuliang/EasySwoole/App/HttpController/Api/Index.php___jb_tmp___ was modify
/Users/yuliang/EasySwoole/App/HttpController/Api/Index.php was modify
/Users/yuliang/EasySwoole/App/HttpController/Api/Index.php___jb_old___ was modify
/Users/yuliang/EasySwoole/App/HttpController/Api/Index.php___jb_tmp___ was modify
/Users/yuliang/EasySwoole/App/HttpController/Api/Index.php was modify
/Users/yuliang/EasySwoole/App/HttpController/Api/Index.php___jb_old___ was modify
/Users/yuliang/EasySwoole/App/HttpController/Api/Index.php___jb_tmp___ was modify
/Users/yuliang/EasySwoole/App/HttpController/Api/Index.php was modify
/Users/yuliang/EasySwoole/App/HttpController/Api/Index.php___jb_old___ was modify
/Users/yuliang/EasySwoole/App/HttpController/Api/Index.php___jb_tmp___ was modify
/Users/yuliang/EasySwoole/App/HttpController/Api/Index.php was modify
/Users/yuliang/EasySwoole/App/HttpController/Api/Index.php___jb_old___ was modify
/Users/yuliang/EasySwoole/App/HttpController/Api/Index.php___jb_tmp___ was modify
/Users/yuliang/EasySwoole/App/HttpController/Api/Index.php was modify
/Users/yuliang/EasySwoole/App/HttpController/Api/Index.php___jb_old___ was modify
/Users/yuliang/EasySwoole/App/HttpController/Api/Index.php___jb_tmp___ was modify
/Users/yuliang/EasySwoole/App/HttpController/Api/Index.php was modify
/Users/yuliang/EasySwoole/App/HttpController/Api/Index.php___jb_old___ was modify
/Users/yuliang/EasySwoole/App/HttpController/Api/Index.php___jb_tmp___ was modify
/Users/yuliang/EasySwoole/App/HttpController/Api/Index.php was modify
/Users/yuliang/EasySwoole/App/HttpController/Api/Index.php___jb_old___ was modify
/Users/yuliang/EasySwoole/App/HttpController/Api/Index.php___jb_tmp___ was modify
/Users/yuliang/EasySwoole/App/HttpController/Api/Index.php was modify
/Users/yuliang/EasySwoole/App/HttpController/Api/Index.php___jb_old___ was modify
/Users/yuliang/EasySwoole/App/HttpController/Api/Index.php___jb_tmp___ was modify
/Users/yuliang/EasySwoole/App/HttpController/Api/Index.php was modify
/Users/yuliang/EasySwoole/App/HttpController/Api/Index.php___jb_old___ was modify
/Users/yuliang/EasySwoole/App/HttpController/Api/Index.php___jb_tmp___ was modify
/Users/yuliang/EasySwoole/App/HttpController/Api/Index.php was modify
/Users/yuliang/EasySwoole/App/HttpController/Api/Index.php___jb_old___ was modify
/Users/yuliang/EasySwoole/App/HttpController/Api/Index.php___jb_tmp___ was modify
/Users/yuliang/EasySwoole/App/HttpController/Api/Index.php was modify
/Users/yuliang/EasySwoole/App/HttpController/Api/Index.php___jb_old___ was modify
/Users/yuliang/EasySwoole/App/HttpController/Api/Index.php___jb_tmp___ was modify
/Users/yuliang/EasySwoole/App/HttpController/Api/Index.php was modify
/Users/yuliang/EasySwoole/App/HttpController/Api/Index.php___jb_old___ was modify
/Users/yuliang/EasySwoole/App/Model/Video.php___jb_tmp___ was modify
/Users/yuliang/EasySwoole/App/Model/Video.php was modify
/Users/yuliang/EasySwoole/App/Model/Video.php___jb_old___ was modify
/Users/yuliang/EasySwoole/App/Model/Video.php___jb_tmp___ was modify
/Users/yuliang/EasySwoole/App/Model/Video.php was modify
/Users/yuliang/EasySwoole/App/Model/Video.php___jb_old___ was modify
/Users/yuliang/EasySwoole/App/Model/Video.php___jb_tmp___ was modify
/Users/yuliang/EasySwoole/App/Model/Video.php was modify
/Users/yuliang/EasySwoole/App/Model/Video.php___jb_old___ was modify
/Users/yuliang/EasySwoole/App/Model/Video.php___jb_tmp___ was modify
/Users/yuliang/EasySwoole/App/Model/Video.php was modify
/Users/yuliang/EasySwoole/App/Model/Video.php___jb_old___ was modify
/Users/yuliang/EasySwoole/App/Model/Video.php___jb_tmp___ was modify
/Users/yuliang/EasySwoole/App/Model/Video.php was modify
/Users/yuliang/EasySwoole/App/Model/Video.php___jb_old___ was modify
/Users/yuliang/EasySwoole/App/Model.php___jb_tmp___ was modify
/Users/yuliang/EasySwoole/App/Model.php was modify
/Users/yuliang/EasySwoole/App/Model.php___jb_old___ was modify
/Users/yuliang/EasySwoole/App/Model.php___jb_tmp___ was modify
/Users/yuliang/EasySwoole/App/Model.php was modify
/Users/yuliang/EasySwoole/App/Model.php___jb_old___ was modify
/Users/yuliang/EasySwoole/App/Model.php___jb_tmp___ was modify
/Users/yuliang/EasySwoole/App/Model.php was modify
/Users/yuliang/EasySwoole/App/Model.php___jb_old___ was modify
/Users/yuliang/EasySwoole/App/Model.php___jb_tmp___ was modify
/Users/yuliang/EasySwoole/App/Model.php was modify
/Users/yuliang/EasySwoole/App/Model.php___jb_old___ was modify
/Users/yuliang/EasySwoole/App/Model.php___jb_tmp___ was modify
/Users/yuliang/EasySwoole/App/Model.php was modify
/Users/yuliang/EasySwoole/App/Model.php___jb_old___ was modify
/Users/yuliang/EasySwoole/App/Model.php___jb_tmp___ was modify
/Users/yuliang/EasySwoole/App/Model.php was modify
/Users/yuliang/EasySwoole/App/Model.php___jb_old___ was modify
/Users/yuliang/EasySwoole/App/Model.php___jb_tmp___ was modify
/Users/yuliang/EasySwoole/App/Model.php was modify
/Users/yuliang/EasySwoole/App/Model.php___jb_old___ was modify
/Users/yuliang/EasySwoole/App/Model.php___jb_tmp___ was modify
/Users/yuliang/EasySwoole/App/Model.php was modify
/Users/yuliang/EasySwoole/App/Model.php___jb_old___ was modify
/Users/yuliang/EasySwoole/App/Model.php___jb_tmp___ was modify
/Users/yuliang/EasySwoole/App/Model.php was modify
/Users/yuliang/EasySwoole/App/Model.php___jb_old___ was modify
/Users/yuliang/EasySwoole/App/Model.php___jb_tmp___ was modify
/Users/yuliang/EasySwoole/App/Model.php was modify
/Users/yuliang/EasySwoole/App/Model.php___jb_old___ was modify
/Users/yuliang/EasySwoole/App/Model.php___jb_tmp___ was modify
/Users/yuliang/EasySwoole/App/Model.php was modify
/Users/yuliang/EasySwoole/App/Model.php___jb_old___ was modify
/Users/yuliang/EasySwoole/App/Model.php___jb_tmp___ was modify
/Users/yuliang/EasySwoole/App/Model.php was modify
/Users/yuliang/EasySwoole/App/Model.php___jb_old___ was modify
/Users/yuliang/EasySwoole/App/Model.php___jb_tmp___ was modify
/Users/yuliang/EasySwoole/App/Model.php was modify
/Users/yuliang/EasySwoole/App/Model.php___jb_old___ was modify
/Users/yuliang/EasySwoole/App/Model.php___jb_tmp___ was modify
/Users/yuliang/EasySwoole/App/Model.php was modify
/Users/yuliang/EasySwoole/App/Model.php___jb_old___ was modify
/Users/yuliang/EasySwoole/App/Model.php___jb_tmp___ was modify
/Users/yuliang/EasySwoole/App/Model.php was modify
/Users/yuliang/EasySwoole/App/Model.php___jb_old___ was modify
/Users/yuliang/EasySwoole/App/Model.php___jb_tmp___ was modify
/Users/yuliang/EasySwoole/App/Model.php was modify
/Users/yuliang/EasySwoole/App/Model.php___jb_old___ was modify
/Users/yuliang/EasySwoole/App/Model.php___jb_tmp___ was modify
/Users/yuliang/EasySwoole/App/Model.php was modify
/Users/yuliang/EasySwoole/App/Model.php___jb_old___ was modify
/Users/yuliang/EasySwoole/App/Model.php___jb_tmp___ was modify
/Users/yuliang/EasySwoole/App/Model.php was modify
/Users/yuliang/EasySwoole/App/Model.php___jb_old___ was modify
/Users/yuliang/EasySwoole/App/Model.php___jb_tmp___ was modify
/Users/yuliang/EasySwoole/App/Model.php was modify
/Users/yuliang/EasySwoole/App/Model.php___jb_old___ was modify
/Users/yuliang/EasySwoole/App/Model.php___jb_tmp___ was modify
/Users/yuliang/EasySwoole/App/Model.php was modify
/Users/yuliang/EasySwoole/App/Model.php___jb_old___ was modify
/Users/yuliang/EasySwoole/App/Model.php___jb_tmp___ was modify
/Users/yuliang/EasySwoole/App/Model.php was modify
/Users/yuliang/EasySwoole/App/Model.php___jb_old___ was modify
/Users/yuliang/EasySwoole/App/Model.php___jb_tmp___ was modify
/Users/yuliang/EasySwoole/App/Model.php was modify
/Users/yuliang/EasySwoole/App/Model.php___jb_old___ was modify
/Users/yuliang/EasySwoole/App/Model.php___jb_tmp___ was modify
/Users/yuliang/EasySwoole/App/Model.php was modify
/Users/yuliang/EasySwoole/App/Model.php___jb_old___ was modify
/Users/yuliang/EasySwoole/App/Model.php___jb_tmp___ was modify
/Users/yuliang/EasySwoole/App/Model.php was modify
/Users/yuliang/EasySwoole/App/Model.php___jb_old___ was modify
/Users/yuliang/EasySwoole/App/Model.php___jb_tmp___ was modify
/Users/yuliang/EasySwoole/App/Model.php was modify
/Users/yuliang/EasySwoole/App/Model.php___jb_old___ was modify
/Users/yuliang/EasySwoole/App/Model.php___jb_tmp___ was modify
/Users/yuliang/EasySwoole/App/Model.php was modify
/Users/yuliang/EasySwoole/App/Model.php___jb_old___ was modify
/Users/yuliang/EasySwoole/App/Model.php___jb_tmp___ was modify
/Users/yuliang/EasySwoole/App/Model.php was modify
/Users/yuliang/EasySwoole/App/Model.php___jb_old___ was modify
/Users/yuliang/EasySwoole/App/Model.php___jb_tmp___ was modify
/Users/yuliang/EasySwoole/App/Model.php was modify
/Users/yuliang/EasySwoole/App/Model.php___jb_old___ was modify
/Users/yuliang/EasySwoole/App/Model.php was modify
/Users/yuliang/EasySwoole/App/Model/Video.php___jb_tmp___ was modify
/Users/yuliang/EasySwoole/App/Model/Video.php___jb_tmp___ was modify
/Users/yuliang/EasySwoole/App/Model/Video.php was modify
/Users/yuliang/EasySwoole/App/Model/Video.php___jb_old___ was modify
/Users/yuliang/EasySwoole/App/Model/Video.php___jb_tmp___ was modify
/Users/yuliang/EasySwoole/App/Model/Video.php was modify
/Users/yuliang/EasySwoole/App/Model/Video.php___jb_old___ was modify
/Users/yuliang/EasySwoole/App/Model/Video.php___jb_tmp___ was modify
/Users/yuliang/EasySwoole/App/Model/Video.php was modify
/Users/yuliang/EasySwoole/App/Model/Video.php___jb_old___ was modify
/Users/yuliang/EasySwoole/App/Model/Video.php___jb_tmp___ was modify
/Users/yuliang/EasySwoole/App/Model/Video.php was modify
/Users/yuliang/EasySwoole/App/Model/Video.php___jb_old___ was modify
/Users/yuliang/EasySwoole/App/Model/Video.php___jb_tmp___ was modify
/Users/yuliang/EasySwoole/App/Model/Video.php was modify
/Users/yuliang/EasySwoole/App/Model/Video.php___jb_old___ was modify
/Users/yuliang/EasySwoole/App/Model/Video.php___jb_tmp___ was modify
/Users/yuliang/EasySwoole/App/Model/Video.php was modify
/Users/yuliang/EasySwoole/App/Model/Video.php___jb_old___ was modify
/Users/yuliang/EasySwoole/App/Model/Video.php___jb_tmp___ was modify
/Users/yuliang/EasySwoole/App/Model/Video.php was modify
/Users/yuliang/EasySwoole/App/Model/Video.php___jb_old___ was modify
/Users/yuliang/EasySwoole/App/Model/Video.php___jb_tmp___ was modify
/Users/yuliang/EasySwoole/App/Model/Video.php was modify
/Users/yuliang/EasySwoole/App/Model/Video.php___jb_old___ was modify
/Users/yuliang/EasySwoole/App/Model/Video.php___jb_tmp___ was modify
/Users/yuliang/EasySwoole/App/Model/Video.php was modify
/Users/yuliang/EasySwoole/App/Model/Video.php___jb_old___ was modify
/Users/yuliang/EasySwoole/App/Model/Video.php___jb_tmp___ was modify
/Users/yuliang/EasySwoole/App/Model/Video.php was modify
/Users/yuliang/EasySwoole/App/Model/Video.php___jb_old___ was modify
/Users/yuliang/EasySwoole/App/Model/Video.php___jb_tmp___ was modify
/Users/yuliang/EasySwoole/App/Model/Video.php was modify
/Users/yuliang/EasySwoole/App/Model/Video.php___jb_old___ was modify
/Users/yuliang/EasySwoole/App/HttpController/Api/Index.php___jb_tmp___ was modify
/Users/yuliang/EasySwoole/App/HttpController/Api/Index.php was modify
/Users/yuliang/EasySwoole/App/HttpController/Api/Index.php___jb_old___ was modify
/Users/yuliang/EasySwoole/App/HttpController/Api/Index.php___jb_tmp___ was modify
/Users/yuliang/EasySwoole/App/HttpController/Api/Index.php was modify
/Users/yuliang/EasySwoole/App/HttpController/Api/Index.php___jb_old___ was modify
/Users/yuliang/EasySwoole/App/HttpController/Api/Index.php___jb_tmp___ was modify
/Users/yuliang/EasySwoole/App/HttpController/Api/Index.php was modify
/Users/yuliang/EasySwoole/App/HttpController/Api/Index.php___jb_old___ was modify
/Users/yuliang/EasySwoole/App/HttpController/Api/Index.php___jb_tmp___ was modify
/Users/yuliang/EasySwoole/App/HttpController/Api/Index.php was modify
/Users/yuliang/EasySwoole/App/HttpController/Api/Index.php___jb_old___ was modify
/Users/yuliang/EasySwoole/App/HttpController/Api/Index.php___jb_tmp___ was modify
/Users/yuliang/EasySwoole/App/HttpController/Api/Index.php was modify
/Users/yuliang/EasySwoole/App/HttpController/Api/Index.php___jb_old___ was modify
/Users/yuliang/EasySwoole/App/HttpController/Api/httpServer.php___jb_tmp___ was modify
/Users/yuliang/EasySwoole/App/HttpController/Api/httpServer.php was modify
/Users/yuliang/EasySwoole/App/HttpController/Api/httpServer.php___jb_old___ was modify
/Users/yuliang/EasySwoole/App/HttpController/Api/httpServer.php___jb_tmp___ was modify
/Users/yuliang/EasySwoole/App/HttpController/Api/httpServer.php was modify
/Users/yuliang/EasySwoole/App/HttpController/Api/httpServer.php___jb_old___ was modify
/Users/yuliang/EasySwoole/App/HttpController/Api/httpServer.php___jb_tmp___ was modify
/Users/yuliang/EasySwoole/App/HttpController/Api/httpServer.php was modify
/Users/yuliang/EasySwoole/App/HttpController/Api/httpServer.php___jb_old___ was modify
/Users/yuliang/EasySwoole/App/HttpController/Api/httpServer.php___jb_tmp___ was modify
/Users/yuliang/EasySwoole/App/HttpController/Api/httpServer.php was modify
/Users/yuliang/EasySwoole/App/HttpController/Api/httpServer.php___jb_old___ was modify
/Users/yuliang/EasySwoole/App/HttpController/Api/httpServer.php___jb_tmp___ was modify
/Users/yuliang/EasySwoole/App/HttpController/Api/httpServer.php was modify
/Users/yuliang/EasySwoole/App/HttpController/Api/httpServer.php___jb_old___ was modify
/Users/yuliang/EasySwoole/App/HttpController/Api/httpServer.php___jb_tmp___ was modify
/Users/yuliang/EasySwoole/App/HttpController/Api/httpServer.php was modify
/Users/yuliang/EasySwoole/App/HttpController/Api/httpServer.php___jb_old___ was modify
/Users/yuliang/EasySwoole/App/HttpController/Api/httpServer.php___jb_tmp___ was modify
/Users/yuliang/EasySwoole/App/HttpController/Api/httpServer.php was modify
/Users/yuliang/EasySwoole/App/HttpController/Api/httpServer.php___jb_old___ was modify
/Users/yuliang/EasySwoole/App/HttpController/Api/httpServer.php___jb_tmp___ was modify
/Users/yuliang/EasySwoole/App/HttpController/Api/httpServer.php was modify
/Users/yuliang/EasySwoole/App/HttpController/Api/httpServer.php___jb_old___ was modify
/Users/yuliang/EasySwoole/App/HttpController/Api/httpServer.php___jb_tmp___ was modify
/Users/yuliang/EasySwoole/App/HttpController/Api/httpServer.php was modify
/Users/yuliang/EasySwoole/App/HttpController/Api/httpServer.php___jb_old___ was modify
/Users/yuliang/EasySwoole/App/HttpController/Api/httpServer.php___jb_tmp___ was modify
/Users/yuliang/EasySwoole/App/HttpController/Api/httpServer.php was modify
/Users/yuliang/EasySwoole/App/HttpController/Api/httpServer.php___jb_old___ was modify
/Users/yuliang/EasySwoole/App/HttpController/Api/httpServer.php___jb_tmp___ was modify
/Users/yuliang/EasySwoole/App/HttpController/Api/httpServer.php was modify
/Users/yuliang/EasySwoole/App/HttpController/Api/httpServer.php___jb_old___ was modify
/Users/yuliang/EasySwoole/App/HttpController/Api/httpServer.php___jb_tmp___ was modify
/Users/yuliang/EasySwoole/App/HttpController/Api/httpServer.php was modify
/Users/yuliang/EasySwoole/App/HttpController/Api/httpServer.php___jb_old___ was modify
/Users/yuliang/EasySwoole/App/HttpController/Api/httpServer.php___jb_tmp___ was modify
/Users/yuliang/EasySwoole/App/HttpController/Api/httpServer.php was modify
/Users/yuliang/EasySwoole/App/HttpController/Api/httpServer.php___jb_old___ was modify
/Users/yuliang/EasySwoole/App/HttpController/Api/test.php___jb_tmp___ was modify
/Users/yuliang/EasySwoole/App/HttpController/Api/test.php was modify
/Users/yuliang/EasySwoole/App/HttpController/Api/test.php___jb_old___ was modify
/Users/yuliang/EasySwoole/App/HttpController/Api/test.php___jb_tmp___ was modify
/Users/yuliang/EasySwoole/App/HttpController/Api/test.php was modify
/Users/yuliang/EasySwoole/App/HttpController/Api/test.php___jb_old___ was modify
/Users/yuliang/EasySwoole/App/HttpController/Index.php___jb_tmp___ was modify
/Users/yuliang/EasySwoole/App/HttpController/Index.php was modify
/Users/yuliang/EasySwoole/App/HttpController/Index.php___jb_old___ was modify
/Users/yuliang/EasySwoole/App/HttpController/Index.php___jb_tmp___ was modify
/Users/yuliang/EasySwoole/App/HttpController/Index.php was modify
/Users/yuliang/EasySwoole/App/HttpController/Index.php___jb_old___ was modify
/Users/yuliang/EasySwoole/App/HttpController/Api/Index.php___jb_tmp___ was modify
/Users/yuliang/EasySwoole/App/HttpController/Api/Index.php was modify
/Users/yuliang/EasySwoole/App/HttpController/Api/Index.php___jb_old___ was modify
/Users/yuliang/EasySwoole/App/HttpController/Api/Index.php___jb_tmp___ was modify
/Users/yuliang/EasySwoole/App/HttpController/Api/Index.php was modify
/Users/yuliang/EasySwoole/App/HttpController/Api/Index.php___jb_old___ was modify
